This is pdfTeX, Version 3.1415926-2.5-1.40.14 (TeX Live 2013/Debian) (format=pdflatex 2016.4.7)  8 APR 2016 14:02
entering extended mode
 \write18 enabled.
 %&-line parsing enabled.
**first.tex
(./first.tex
LaTeX2e <2011/06/27>
Babel <3.9h> and hyphenation patterns for 78 languages loaded.
(/usr/share/texlive/texmf-dist/tex/latex/base/article.cls
Document Class: article 2007/10/19 v1.4h Standard LaTeX document class
(/usr/share/texlive/texmf-dist/tex/latex/base/size10.clo
File: size10.clo 2007/10/19 v1.4h Standard LaTeX file (size option)
)
\c@part=\count79
\c@section=\count80
\c@subsection=\count81
\c@subsubsection=\count82
\c@paragraph=\count83
\c@subparagraph=\count84
\c@figure=\count85
\c@table=\count86
\abovecaptionskip=\skip41
\belowcaptionskip=\skip42
\bibindent=\dimen102
)
(/usr/share/texlive/texmf-dist/tex/latex/amsmath/amsmath.sty
Package: amsmath 2013/01/14 v2.14 AMS math features
\@mathmargin=\skip43

For additional information on amsmath, use the `?' option.
(/usr/share/texlive/texmf-dist/tex/latex/amsmath/amstext.sty
Package: amstext 2000/06/29 v2.01

(/usr/share/texlive/texmf-dist/tex/latex/amsmath/amsgen.sty
File: amsgen.sty 1999/11/30 v2.0
\@emptytoks=\toks14
\ex@=\dimen103
))
(/usr/share/texlive/texmf-dist/tex/latex/amsmath/amsbsy.sty
Package: amsbsy 1999/11/29 v1.2d
\pmbraise@=\dimen104
)
(/usr/share/texlive/texmf-dist/tex/latex/amsmath/amsopn.sty
Package: amsopn 1999/12/14 v2.01 operator names
)
\inf@bad=\count87
LaTeX Info: Redefining \frac on input line 210.
\uproot@=\count88
\leftroot@=\count89
LaTeX Info: Redefining \overline on input line 306.
\classnum@=\count90
\DOTSCASE@=\count91
LaTeX Info: Redefining \ldots on input line 378.
LaTeX Info: Redefining \dots on input line 381.
LaTeX Info: Redefining \cdots on input line 466.
\Mathstrutbox@=\box26
\strutbox@=\box27
\big@size=\dimen105
LaTeX Font Info:    Redeclaring font encoding OML on input line 566.
LaTeX Font Info:    Redeclaring font encoding OMS on input line 567.
\macc@depth=\count92
\c@MaxMatrixCols=\count93
\dotsspace@=\muskip10
\c@parentequation=\count94
\dspbrk@lvl=\count95
\tag@help=\toks15
\row@=\count96
\column@=\count97
\maxfields@=\count98
\andhelp@=\toks16
\eqnshift@=\dimen106
\alignsep@=\dimen107
\tagshift@=\dimen108
\tagwidth@=\dimen109
\totwidth@=\dimen110
\lineht@=\dimen111
\@envbody=\toks17
\multlinegap=\skip44
\multlinetaggap=\skip45
\mathdisplay@stack=\toks18
LaTeX Info: Redefining \[ on input line 2665.
LaTeX Info: Redefining \] on input line 2666.
)
(/usr/share/texlive/texmf-dist/tex/latex/graphics/graphicx.sty
Package: graphicx 1999/02/16 v1.0f Enhanced LaTeX Graphics (DPC,SPQR)

(/usr/share/texlive/texmf-dist/tex/latex/graphics/keyval.sty
Package: keyval 1999/03/16 v1.13 key=value parser (DPC)
\KV@toks@=\toks19
)
(/usr/share/texlive/texmf-dist/tex/latex/graphics/graphics.sty
Package: graphics 2009/02/05 v1.0o Standard LaTeX Graphics (DPC,SPQR)

(/usr/share/texlive/texmf-dist/tex/latex/graphics/trig.sty
Package: trig 1999/03/16 v1.09 sin cos tan (DPC)
)
(/usr/share/texlive/texmf-dist/tex/latex/latexconfig/graphics.cfg
File: graphics.cfg 2010/04/23 v1.9 graphics configuration of TeX Live
)
Package graphics Info: Driver file: pdftex.def on input line 91.

(/usr/share/texlive/texmf-dist/tex/latex/pdftex-def/pdftex.def
File: pdftex.def 2011/05/27 v0.06d Graphics/color for pdfTeX

(/usr/share/texlive/texmf-dist/tex/generic/oberdiek/infwarerr.sty
Package: infwarerr 2010/04/08 v1.3 Providing info/warning/error messages (HO)
)
(/usr/share/texlive/texmf-dist/tex/generic/oberdiek/ltxcmds.sty
Package: ltxcmds 2011/11/09 v1.22 LaTeX kernel commands for general use (HO)
)
\Gread@gobject=\count99
))
\Gin@req@height=\dimen112
\Gin@req@width=\dimen113
)
(/usr/share/texlive/texmf-dist/tex/latex/booktabs/booktabs.sty
Package: booktabs 2005/04/14 v1.61803 publication quality tables
\heavyrulewidth=\dimen114
\lightrulewidth=\dimen115
\cmidrulewidth=\dimen116
\belowrulesep=\dimen117
\belowbottomsep=\dimen118
\aboverulesep=\dimen119
\abovetopsep=\dimen120
\cmidrulesep=\dimen121
\cmidrulekern=\dimen122
\defaultaddspace=\dimen123
\@cmidla=\count100
\@cmidlb=\count101
\@aboverulesep=\dimen124
\@belowrulesep=\dimen125
\@thisruleclass=\count102
\@lastruleclass=\count103
\@thisrulewidth=\dimen126
)
(/usr/share/texlive/texmf-dist/tex/latex/siunitx/siunitx.sty
(/usr/share/texlive/texmf-dist/tex/latex/l3kernel/expl3.sty
(/usr/share/texlive/texmf-dist/tex/latex/l3kernel/l3names.sty
(/usr/share/texlive/texmf-dist/tex/latex/l3kernel/l3bootstrap.sty
Package: l3bootstrap 2014/01/04 v4640 L3 Experimental bootstrap code
)
Package: l3names 2014/01/04 v4640 L3 Namespace for primitives
)
(/usr/share/texlive/texmf-dist/tex/latex/etex-pkg/etex.sty
Package: etex 1998/03/26 v2.0 eTeX basic definition package (PEB)
\et@xins=\count104
)
Package: expl3 2014/01/07 v4646 L3 Experimental code bundle wrapper

(/usr/share/texlive/texmf-dist/tex/latex/l3kernel/l3basics.sty
Package: l3basics 2014/01/04 v4642 L3 Basic definitions
)
(/usr/share/texlive/texmf-dist/tex/latex/l3kernel/l3expan.sty
Package: l3expan 2014/01/04 v4642 L3 Argument expansion
)
(/usr/share/texlive/texmf-dist/tex/latex/l3kernel/l3tl.sty
Package: l3tl 2013/12/27 v4625 L3 Token lists
)
(/usr/share/texlive/texmf-dist/tex/latex/l3kernel/l3seq.sty
Package: l3seq 2013/12/14 v4623 L3 Sequences and stacks
)
(/usr/share/texlive/texmf-dist/tex/latex/l3kernel/l3int.sty
Package: l3int 2013/08/02 v4583 L3 Integers
\c_max_int=\count105
\l_tmpa_int=\count106
\l_tmpb_int=\count107
\g_tmpa_int=\count108
\g_tmpb_int=\count109
)
(/usr/share/texlive/texmf-dist/tex/latex/l3kernel/l3quark.sty
Package: l3quark 2013/12/14 v4623 L3 Quarks
)
(/usr/share/texlive/texmf-dist/tex/latex/l3kernel/l3prg.sty
Package: l3prg 2014/01/04 v4642 L3 Control structures
\g__prg_map_int=\count110
)
(/usr/share/texlive/texmf-dist/tex/latex/l3kernel/l3clist.sty
Package: l3clist 2013/07/28 v4581 L3 Comma separated lists
)
(/usr/share/texlive/texmf-dist/tex/latex/l3kernel/l3token.sty
Package: l3token 2013/08/25 v4587 L3 Experimental token manipulation
)
(/usr/share/texlive/texmf-dist/tex/latex/l3kernel/l3prop.sty
Package: l3prop 2013/12/14 v4623 L3 Property lists
)
(/usr/share/texlive/texmf-dist/tex/latex/l3kernel/l3msg.sty
Package: l3msg 2013/07/28 v4581 L3 Messages
)
(/usr/share/texlive/texmf-dist/tex/latex/l3kernel/l3file.sty
Package: l3file 2013/10/13 v4596 L3 File and I/O operations
\l_iow_line_count_int=\count111
\l__iow_target_count_int=\count112
\l__iow_current_line_int=\count113
\l__iow_current_word_int=\count114
\l__iow_current_indentation_int=\count115
)
(/usr/share/texlive/texmf-dist/tex/latex/l3kernel/l3skip.sty
Package: l3skip 2013/07/28 v4581 L3 Dimensions and skips
\c_zero_dim=\dimen127
\c_max_dim=\dimen128
\l_tmpa_dim=\dimen129
\l_tmpb_dim=\dimen130
\g_tmpa_dim=\dimen131
\g_tmpb_dim=\dimen132
\c_zero_skip=\skip46
\c_max_skip=\skip47
\l_tmpa_skip=\skip48
\l_tmpb_skip=\skip49
\g_tmpa_skip=\skip50
\g_tmpb_skip=\skip51
\c_zero_muskip=\muskip11
\c_max_muskip=\muskip12
\l_tmpa_muskip=\muskip13
\l_tmpb_muskip=\muskip14
\g_tmpa_muskip=\muskip15
\g_tmpb_muskip=\muskip16
)
(/usr/share/texlive/texmf-dist/tex/latex/l3kernel/l3keys.sty
Package: l3keys 2013/12/08 v4614 L3 Experimental key-value interfaces
\g__keyval_level_int=\count116
\l_keys_choice_int=\count117
)
(/usr/share/texlive/texmf-dist/tex/latex/l3kernel/l3fp.sty
Package: l3fp 2014/01/04 v4642 L3 Floating points
\c__fp_leading_shift_int=\count118
\c__fp_middle_shift_int=\count119
\c__fp_trailing_shift_int=\count120
\c__fp_big_leading_shift_int=\count121
\c__fp_big_middle_shift_int=\count122
\c__fp_big_trailing_shift_int=\count123
\c__fp_Bigg_leading_shift_int=\count124
\c__fp_Bigg_middle_shift_int=\count125
\c__fp_Bigg_trailing_shift_int=\count126
)
(/usr/share/texlive/texmf-dist/tex/latex/l3kernel/l3box.sty
Package: l3box 2013/07/28 v4581 L3 Experimental boxes
\c_empty_box=\box28
\l_tmpa_box=\box29
\l_tmpb_box=\box30
\g_tmpa_box=\box31
\g_tmpb_box=\box32
)
(/usr/share/texlive/texmf-dist/tex/latex/l3kernel/l3coffins.sty
Package: l3coffins 2013/12/14 v4624 L3 Coffin code layer
\l__coffin_internal_box=\box33
\l__coffin_internal_dim=\dimen133
\l__coffin_offset_x_dim=\dimen134
\l__coffin_offset_y_dim=\dimen135
\l__coffin_x_dim=\dimen136
\l__coffin_y_dim=\dimen137
\l__coffin_x_prime_dim=\dimen138
\l__coffin_y_prime_dim=\dimen139
\c_empty_coffin=\box34
\l__coffin_aligned_coffin=\box35
\l__coffin_aligned_internal_coffin=\box36
\l_tmpa_coffin=\box37
\l_tmpb_coffin=\box38
\l__coffin_display_coffin=\box39
\l__coffin_display_coord_coffin=\box40
\l__coffin_display_pole_coffin=\box41
\l__coffin_display_offset_dim=\dimen140
\l__coffin_display_x_dim=\dimen141
\l__coffin_display_y_dim=\dimen142
)
(/usr/share/texlive/texmf-dist/tex/latex/l3kernel/l3color.sty
Package: l3color 2012/08/29 v4156 L3 Experimental color support
)
(/usr/share/texlive/texmf-dist/tex/latex/l3kernel/l3luatex.sty
Package: l3luatex 2013/07/28 v4581 L3 Experimental LuaTeX-specific functions
\g__cctab_allocate_int=\count127
\g__cctab_stack_int=\count128
)
(/usr/share/texlive/texmf-dist/tex/latex/l3kernel/l3candidates.sty
Package: l3candidates 2014/01/06 v4643 L3 Experimental additions to l3kernel
\l__box_top_dim=\dimen143
\l__box_bottom_dim=\dimen144
\l__box_left_dim=\dimen145
\l__box_right_dim=\dimen146
\l__box_top_new_dim=\dimen147
\l__box_bottom_new_dim=\dimen148
\l__box_left_new_dim=\dimen149
\l__box_right_new_dim=\dimen150
\l__box_internal_box=\box42
\l__coffin_bounding_shift_dim=\dimen151
\l__coffin_left_corner_dim=\dimen152
\l__coffin_right_corner_dim=\dimen153
\l__coffin_bottom_corner_dim=\dimen154
\l__coffin_top_corner_dim=\dimen155
\l__coffin_scaled_total_height_dim=\dimen156
\l__coffin_scaled_width_dim=\dimen157
)
(/usr/share/texlive/texmf-dist/tex/generic/oberdiek/ifpdf.sty
Package: ifpdf 2011/01/30 v2.3 Provides the ifpdf switch (HO)
Package ifpdf Info: pdfTeX in PDF mode is detected.
))
(/usr/share/texlive/texmf-dist/tex/latex/l3packages/xparse/xparse.sty
Package: xparse 2013/12/31 v4634 L3 Experimental document command parser
\l__xparse_current_arg_int=\count129
\l__xparse_m_args_int=\count130
\l__xparse_mandatory_args_int=\count131
\l__xparse_processor_int=\count132
\l__xparse_v_nesting_int=\count133
)
Package: siunitx 2013/07/31 v2.5s A comprehensive (SI) units package

(/usr/share/texlive/texmf-dist/tex/latex/tools/array.sty
Package: array 2008/09/09 v2.4c Tabular extension package (FMi)
\col@sep=\dimen158
\extrarowheight=\dimen159
\NC@list=\toks20
\extratabsurround=\skip52
\backup@length=\skip53
)
(/usr/share/texlive/texmf-dist/tex/latex/l3packages/l3keys2e/l3keys2e.sty
Package: l3keys2e 2013/12/31 v4634 LaTeX2e option processing using LaTeX3 keys
)
Variant \tl_if_blank:VTF already defined; not changing it on line 50
\l__siunitx_tmp_box=\box43
\l__siunitx_tmp_dim=\dimen160
\l__siunitx_tmp_int=\count134
Variant \prop_get:NVNT already defined; not changing it on line 371
Variant \prop_get:NVNF already defined; not changing it on line 372
Variant \prop_get:NVNTF already defined; not changing it on line 373
\l__siunitx_number_mantissa_length_int=\count135
\l__siunitx_number_uncert_length_int=\count136
\l__siunitx_round_int=\count137
\l__siunitx_process_decimal_int=\count138
\l__siunitx_process_uncertainty_int=\count139
\l__siunitx_process_fixed_int=\count140
\l__siunitx_process_integer_min_int=\count141
\l__siunitx_process_precision_int=\count142
\l__siunitx_group_min_int=\count143
\l__siunitx_angle_marker_box=\box44
\l__siunitx_angle_unit_box=\box45
\l__siunitx_angle_marker_dim=\dimen161
\l__siunitx_angle_unit_dim=\dimen162
\l__siunitx_unit_int=\count144
\l__siunitx_unit_denominator_int=\count145
\l__siunitx_unit_numerator_int=\count146
\l__siunitx_unit_prefix_int=\count147
\l__siunitx_unit_prefix_base_int=\count148
\l__siunitx_unit_prefix_gram_int=\count149
\l__siunitx_number_product_int=\count150
\c__siunitx_one_fill_skip=\skip54
\l__siunitx_table_unit_align_skip=\skip55
\l__siunitx_table_exponent_dim=\dimen163
\l__siunitx_table_integer_dim=\dimen164
\l__siunitx_table_mantissa_dim=\dimen165
\l__siunitx_table_marker_dim=\dimen166
\l__siunitx_table_result_dim=\dimen167
\l__siunitx_table_uncert_dim=\dimen168
\l__siunitx_table_fill_pre_dim=\dimen169
\l__siunitx_table_fill_post_dim=\dimen170
\l__siunitx_table_fill_mid_dim=\dimen171
\l__siunitx_table_pre_box=\box46
\l__siunitx_table_post_box=\box47
\l__siunitx_table_mantissa_box=\box48
\l__siunitx_table_result_box=\box49
\l__siunitx_table_number_align_skip=\skip56
\l__siunitx_table_text_align_skip=\skip57
.................................................
. LaTeX info: "xparse/define-command"
. 
. Defining document command \DeclareBinaryPrefix with arg. spec. 'mmm' on line
. 7101.
.................................................
.................................................
. LaTeX info: "xparse/define-command"
. 
. Defining document command \DeclareSIPostPower with arg. spec. 'mm' on line
. 7104.
.................................................
.................................................
. LaTeX info: "xparse/define-command"
. 
. Defining document command \DeclareSIPrefix with arg. spec. 'mmm' on line
. 7107.
.................................................
.................................................
. LaTeX info: "xparse/define-command"
. 
. Defining document command \DeclareSIPrePower with arg. spec. 'mm' on line
. 7110.
.................................................
.................................................
. LaTeX info: "xparse/define-command"
. 
. Defining document command \DeclareSIQualifier with arg. spec. 'mm' on line
. 7113.
.................................................
.................................................
. LaTeX info: "xparse/define-command"
. 
. Defining document command \DeclareSIUnit with arg. spec. 'O{}mm' on line
. 7116.
.................................................
.................................................
. LaTeX info: "xparse/define-command"
. 
. Defining document command \DeclareSIUnitWithOptions with arg. spec. 'mmm' on
. line 7119.
.................................................
.................................................
. LaTeX info: "xparse/define-command"
. 
. Defining document command \ang with arg. spec. 'o>{\SplitArgument {2}{;}}m'
. on line 7134.
.................................................
.................................................
. LaTeX info: "xparse/define-command"
. 
. Defining document command \num with arg. spec. 'om' on line 7142.
.................................................
.................................................
. LaTeX info: "xparse/define-command"
. 
. Defining document command \numlist with arg. spec. 'o>{\SplitList {;}}m' on
. line 7150.
.................................................
.................................................
. LaTeX info: "xparse/define-command"
. 
. Defining document command \numrange with arg. spec. 'omm' on line 7158.
.................................................
.................................................
. LaTeX info: "xparse/define-command"
. 
. Defining document command \SIlist with arg. spec. 'o>{\SplitList {;}}mm' on
. line 7169.
.................................................
.................................................
. LaTeX info: "xparse/define-command"
. 
. Defining document command \SIrange with arg. spec. 'ommm' on line 7180.
.................................................
.................................................
. LaTeX info: "xparse/define-command"
. 
. Defining document command \SI with arg. spec. 'omom' on line 7191.
.................................................
.................................................
. LaTeX info: "xparse/define-command"
. 
. Defining document command \sisetup with arg. spec. 'm' on line 7194.
.................................................
.................................................
. LaTeX info: "xparse/define-command"
. 
. Defining document command \tablenum with arg. spec. 'om' on line 7206.
.................................................
.................................................
. LaTeX info: "xparse/define-command"
. 
. Defining document command \si with arg. spec. 'om' on line 7217.
.................................................
.................................................
. LaTeX info: "xparse/define-command"
. 
. Defining document command \__siunitx_bookmark_num:w with arg. spec. 'om' on
. line 7262.
.................................................
.................................................
. LaTeX info: "xparse/define-command"
. 
. Defining document command \__siunitx_bookmark_numrange:w with arg. spec.
. 'omm' on line 7264.
.................................................
.................................................
. LaTeX info: "xparse/define-command"
. 
. Defining document command \__siunitx_bookmark_SI:w with arg. spec. 'omom' on
. line 7266.
.................................................
.................................................
. LaTeX info: "xparse/define-command"
. 
. Defining document command \__siunitx_bookmark_SIlist:w with arg. spec. 'omm'
. on line 7268.
.................................................
.................................................
. LaTeX info: "xparse/define-command"
. 
. Defining document command \__siunitx_bookmark_SIrange:w with arg. spec.
. 'ommm' on line 7270.
.................................................
.................................................
. LaTeX info: "xparse/define-command"
. 
. Defining document command \__siunitx_bookmark_si:w with arg. spec. 'om' on
. line 7271.
.................................................
\g__file_internal_ior=\read1

(/usr/share/texmf/tex/latex/beamer/base/translator/translator.sty
Package: translator 2010/06/12 ver 1.10

(/usr/share/texmf/tex/latex/beamer/base/translator/translator-language-mappings
.tex))) (/usr/share/texlive/texmf-dist/tex/latex/pgfplots/pgfplotstable.sty
(/usr/share/texlive/texmf-dist/tex/generic/pgfplots/pgfplots.revision.tex)
Package: pgfplotstable 2013/10/03 v1.9 Table typesetting and Pretty-printing (1
.9)

(/usr/share/texlive/texmf-dist/tex/latex/pgfplots/pgfplots.sty
(/usr/share/texlive/texmf-dist/tex/generic/pgfplots/pgfplots.revision.tex)
Package: pgfplots 2013/10/03 v1.9 Data Visualization (1.9)

(/usr/share/texmf/tex/latex/pgf/frontendlayer/tikz.sty
(/usr/share/texmf/tex/latex/pgf/basiclayer/pgf.sty
(/usr/share/texmf/tex/latex/pgf/utilities/pgfrcs.sty
(/usr/share/texmf/tex/generic/pgf/utilities/pgfutil-common.tex
\pgfutil@everybye=\toks21
)
(/usr/share/texmf/tex/generic/pgf/utilities/pgfutil-latex.def
\pgfutil@abb=\box50

(/usr/share/texlive/texmf-dist/tex/latex/ms/everyshi.sty
Package: everyshi 2001/05/15 v3.00 EveryShipout Package (MS)
))
(/usr/share/texmf/tex/generic/pgf/utilities/pgfrcs.code.tex
Package: pgfrcs 2010/10/25 v2.10 (rcs-revision 1.24)
))
Package: pgf 2008/01/15 v2.10 (rcs-revision 1.12)

(/usr/share/texmf/tex/latex/pgf/basiclayer/pgfcore.sty
(/usr/share/texmf/tex/latex/pgf/systemlayer/pgfsys.sty
(/usr/share/texmf/tex/generic/pgf/systemlayer/pgfsys.code.tex
Package: pgfsys 2010/06/30 v2.10 (rcs-revision 1.37)

(/usr/share/texmf/tex/generic/pgf/utilities/pgfkeys.code.tex
\pgfkeys@pathtoks=\toks22
\pgfkeys@temptoks=\toks23

(/usr/share/texmf/tex/generic/pgf/utilities/pgfkeysfiltered.code.tex
\pgfkeys@tmptoks=\toks24
))
\pgf@x=\dimen172
\pgf@y=\dimen173
\pgf@xa=\dimen174
\pgf@ya=\dimen175
\pgf@xb=\dimen176
\pgf@yb=\dimen177
\pgf@xc=\dimen178
\pgf@yc=\dimen179
\w@pgf@writea=\write3
\r@pgf@reada=\read2
\c@pgf@counta=\count151
\c@pgf@countb=\count152
\c@pgf@countc=\count153
\c@pgf@countd=\count154

(/usr/share/texmf/tex/generic/pgf/systemlayer/pgf.cfg
File: pgf.cfg 2008/05/14  (rcs-revision 1.7)
)
Package pgfsys Info: Driver file for pgf: pgfsys-pdftex.def on input line 900.

(/usr/share/texmf/tex/generic/pgf/systemlayer/pgfsys-pdftex.def
File: pgfsys-pdftex.def 2009/05/22  (rcs-revision 1.26)

(/usr/share/texmf/tex/generic/pgf/systemlayer/pgfsys-common-pdf.def
File: pgfsys-common-pdf.def 2008/05/19  (rcs-revision 1.10)
)))
(/usr/share/texmf/tex/generic/pgf/systemlayer/pgfsyssoftpath.code.tex
File: pgfsyssoftpath.code.tex 2008/07/18  (rcs-revision 1.7)
\pgfsyssoftpath@smallbuffer@items=\count155
\pgfsyssoftpath@bigbuffer@items=\count156
)
(/usr/share/texmf/tex/generic/pgf/systemlayer/pgfsysprotocol.code.tex
File: pgfsysprotocol.code.tex 2006/10/16  (rcs-revision 1.4)
))
(/usr/share/texmf/tex/latex/xcolor/xcolor.sty
Package: xcolor 2007/01/21 v2.11 LaTeX color extensions (UK)

(/usr/share/texlive/texmf-dist/tex/latex/latexconfig/color.cfg
File: color.cfg 2007/01/18 v1.5 color configuration of teTeX/TeXLive
)
Package xcolor Info: Driver file: pdftex.def on input line 225.
Package xcolor Info: Model `cmy' substituted by `cmy0' on input line 1337.
Package xcolor Info: Model `hsb' substituted by `rgb' on input line 1341.
Package xcolor Info: Model `RGB' extended on input line 1353.
Package xcolor Info: Model `HTML' substituted by `rgb' on input line 1355.
Package xcolor Info: Model `Hsb' substituted by `hsb' on input line 1356.
Package xcolor Info: Model `tHsb' substituted by `hsb' on input line 1357.
Package xcolor Info: Model `HSB' substituted by `hsb' on input line 1358.
Package xcolor Info: Model `Gray' substituted by `gray' on input line 1359.
Package xcolor Info: Model `wave' substituted by `hsb' on input line 1360.
)
(/usr/share/texmf/tex/generic/pgf/basiclayer/pgfcore.code.tex
Package: pgfcore 2010/04/11 v2.10 (rcs-revision 1.7)

(/usr/share/texmf/tex/generic/pgf/math/pgfmath.code.tex
(/usr/share/texmf/tex/generic/pgf/math/pgfmathcalc.code.tex
(/usr/share/texmf/tex/generic/pgf/math/pgfmathutil.code.tex)
(/usr/share/texmf/tex/generic/pgf/math/pgfmathparser.code.tex
\pgfmath@dimen=\dimen180
\pgfmath@count=\count157
\pgfmath@box=\box51
\pgfmath@toks=\toks25
\pgfmath@stack@operand=\toks26
\pgfmath@stack@operation=\toks27
)
(/usr/share/texmf/tex/generic/pgf/math/pgfmathfunctions.code.tex
(/usr/share/texmf/tex/generic/pgf/math/pgfmathfunctions.basic.code.tex)
(/usr/share/texmf/tex/generic/pgf/math/pgfmathfunctions.trigonometric.code.tex)
(/usr/share/texmf/tex/generic/pgf/math/pgfmathfunctions.random.code.tex)
(/usr/share/texmf/tex/generic/pgf/math/pgfmathfunctions.comparison.code.tex)
(/usr/share/texmf/tex/generic/pgf/math/pgfmathfunctions.base.code.tex)
(/usr/share/texmf/tex/generic/pgf/math/pgfmathfunctions.round.code.tex)
(/usr/share/texmf/tex/generic/pgf/math/pgfmathfunctions.misc.code.tex)))
(/usr/share/texmf/tex/generic/pgf/math/pgfmathfloat.code.tex
\c@pgfmathroundto@lastzeros=\count158
))
(/usr/share/texmf/tex/generic/pgf/basiclayer/pgfcorepoints.code.tex
File: pgfcorepoints.code.tex 2010/04/09  (rcs-revision 1.20)
\pgf@picminx=\dimen181
\pgf@picmaxx=\dimen182
\pgf@picminy=\dimen183
\pgf@picmaxy=\dimen184
\pgf@pathminx=\dimen185
\pgf@pathmaxx=\dimen186
\pgf@pathminy=\dimen187
\pgf@pathmaxy=\dimen188
\pgf@xx=\dimen189
\pgf@xy=\dimen190
\pgf@yx=\dimen191
\pgf@yy=\dimen192
\pgf@zx=\dimen193
\pgf@zy=\dimen194
)
(/usr/share/texmf/tex/generic/pgf/basiclayer/pgfcorepathconstruct.code.tex
File: pgfcorepathconstruct.code.tex 2010/08/03  (rcs-revision 1.24)
\pgf@path@lastx=\dimen195
\pgf@path@lasty=\dimen196
)
(/usr/share/texmf/tex/generic/pgf/basiclayer/pgfcorepathusage.code.tex
File: pgfcorepathusage.code.tex 2008/04/22  (rcs-revision 1.12)
\pgf@shorten@end@additional=\dimen197
\pgf@shorten@start@additional=\dimen198
)
(/usr/share/texmf/tex/generic/pgf/basiclayer/pgfcorescopes.code.tex
File: pgfcorescopes.code.tex 2010/09/08  (rcs-revision 1.34)
\pgfpic=\box52
\pgf@hbox=\box53
\pgf@layerbox@main=\box54
\pgf@picture@serial@count=\count159
)
(/usr/share/texmf/tex/generic/pgf/basiclayer/pgfcoregraphicstate.code.tex
File: pgfcoregraphicstate.code.tex 2008/04/22  (rcs-revision 1.9)
\pgflinewidth=\dimen199
)
(/usr/share/texmf/tex/generic/pgf/basiclayer/pgfcoretransformations.code.tex
File: pgfcoretransformations.code.tex 2009/06/10  (rcs-revision 1.11)
\pgf@pt@x=\dimen200
\pgf@pt@y=\dimen201
Normal \dimen register pool exhausted, switching to extended pool.
\pgf@pt@temp=\dimen256
)
(/usr/share/texmf/tex/generic/pgf/basiclayer/pgfcorequick.code.tex
File: pgfcorequick.code.tex 2008/10/09  (rcs-revision 1.3)
)
(/usr/share/texmf/tex/generic/pgf/basiclayer/pgfcoreobjects.code.tex
File: pgfcoreobjects.code.tex 2006/10/11  (rcs-revision 1.2)
)
(/usr/share/texmf/tex/generic/pgf/basiclayer/pgfcorepathprocessing.code.tex
File: pgfcorepathprocessing.code.tex 2008/10/09  (rcs-revision 1.8)
)
(/usr/share/texmf/tex/generic/pgf/basiclayer/pgfcorearrows.code.tex
File: pgfcorearrows.code.tex 2008/04/23  (rcs-revision 1.11)
)
(/usr/share/texmf/tex/generic/pgf/basiclayer/pgfcoreshade.code.tex
File: pgfcoreshade.code.tex 2008/11/23  (rcs-revision 1.13)
\pgf@max=\dimen257
\pgf@sys@shading@range@num=\count160
)
(/usr/share/texmf/tex/generic/pgf/basiclayer/pgfcoreimage.code.tex
File: pgfcoreimage.code.tex 2010/03/25  (rcs-revision 1.16)

(/usr/share/texmf/tex/generic/pgf/basiclayer/pgfcoreexternal.code.tex
File: pgfcoreexternal.code.tex 2010/09/01  (rcs-revision 1.17)
\pgfexternal@startupbox=\box55
))
(/usr/share/texmf/tex/generic/pgf/basiclayer/pgfcorelayers.code.tex
File: pgfcorelayers.code.tex 2010/08/27  (rcs-revision 1.2)
)
(/usr/share/texmf/tex/generic/pgf/basiclayer/pgfcoretransparency.code.tex
File: pgfcoretransparency.code.tex 2008/01/17  (rcs-revision 1.2)
)
(/usr/share/texmf/tex/generic/pgf/basiclayer/pgfcorepatterns.code.tex
File: pgfcorepatterns.code.tex 2009/07/02  (rcs-revision 1.3)
)))
(/usr/share/texmf/tex/generic/pgf/modules/pgfmoduleshapes.code.tex
File: pgfmoduleshapes.code.tex 2010/09/09  (rcs-revision 1.13)
\pgfnodeparttextbox=\box56
)
(/usr/share/texmf/tex/generic/pgf/modules/pgfmoduleplot.code.tex
File: pgfmoduleplot.code.tex 2010/10/22  (rcs-revision 1.8)
)
(/usr/share/texmf/tex/latex/pgf/compatibility/pgfcomp-version-0-65.sty
Package: pgfcomp-version-0-65 2007/07/03 v2.10 (rcs-revision 1.7)
\pgf@nodesepstart=\dimen258
\pgf@nodesepend=\dimen259
)
(/usr/share/texmf/tex/latex/pgf/compatibility/pgfcomp-version-1-18.sty
Package: pgfcomp-version-1-18 2007/07/23 v2.10 (rcs-revision 1.1)
))
(/usr/share/texmf/tex/latex/pgf/utilities/pgffor.sty
(/usr/share/texmf/tex/latex/pgf/utilities/pgfkeys.sty
(/usr/share/texmf/tex/generic/pgf/utilities/pgfkeys.code.tex))
(/usr/share/texmf/tex/generic/pgf/utilities/pgffor.code.tex
Package: pgffor 2010/03/23 v2.10 (rcs-revision 1.18)
\pgffor@iter=\dimen260
\pgffor@skip=\dimen261
\pgffor@stack=\toks28
\pgffor@toks=\toks29
))
(/usr/share/texmf/tex/generic/pgf/frontendlayer/tikz/tikz.code.tex
Package: tikz 2010/10/13 v2.10 (rcs-revision 1.76)

(/usr/share/texmf/tex/generic/pgf/libraries/pgflibraryplothandlers.code.tex
File: pgflibraryplothandlers.code.tex 2010/05/31 v2.10 (rcs-revision 1.15)
\pgf@plot@mark@count=\count161
\pgfplotmarksize=\dimen262
)
\tikz@lastx=\dimen263
\tikz@lasty=\dimen264
\tikz@lastxsaved=\dimen265
\tikz@lastysaved=\dimen266
\tikzleveldistance=\dimen267
\tikzsiblingdistance=\dimen268
\tikz@figbox=\box57
\tikz@tempbox=\box58
\tikztreelevel=\count162
\tikznumberofchildren=\count163
\tikznumberofcurrentchild=\count164
\tikz@fig@count=\count165

(/usr/share/texmf/tex/generic/pgf/modules/pgfmodulematrix.code.tex
File: pgfmodulematrix.code.tex 2010/08/24  (rcs-revision 1.4)
\pgfmatrixcurrentrow=\count166
\pgfmatrixcurrentcolumn=\count167
\pgf@matrix@numberofcolumns=\count168
)
\tikz@expandcount=\count169

(/usr/share/texmf/tex/generic/pgf/frontendlayer/tikz/libraries/tikzlibrarytopat
hs.code.tex
File: tikzlibrarytopaths.code.tex 2008/06/17 v2.10 (rcs-revision 1.2)
)))
(/usr/share/texlive/texmf-dist/tex/generic/pgfplots/pgfplots.code.tex
(/usr/share/texlive/texmf-dist/tex/generic/pgfplots/pgfplotscore.code.tex
\t@pgfplots@toka=\toks30
\t@pgfplots@tokb=\toks31
\t@pgfplots@tokc=\toks32
\pgfplots@tmpa=\dimen269
\c@pgfplots@coordindex=\count170
\c@pgfplots@scanlineindex=\count171

(/usr/share/texlive/texmf-dist/tex/generic/pgfplots/sys/pgfplotssysgeneric.code
.tex))
(/usr/share/texlive/texmf-dist/tex/generic/pgfplots/libs/pgfplotslibrary.code.t
ex)
(/usr/share/texlive/texmf-dist/tex/generic/pgfplots/oldpgfcompatib/pgfplotsoldp
gfsupp_loader.code.tex
Package pgfplots: loading complementary code for your PGF version...

(/usr/share/texlive/texmf-dist/tex/generic/pgfplots/oldpgfcompatib/pgfplotsoldp
gfsupp_misc.code.tex)
(/usr/share/texlive/texmf-dist/tex/generic/pgfplots/oldpgfcompatib/pgfplotsoldp
gfsupp_pgfkeys.code.tex
\pgfkeys@pathtoks=\toks33
\pgfkeys@temptoks=\toks34

(/usr/share/texlive/texmf-dist/tex/generic/pgfplots/oldpgfcompatib/pgfplotsoldp
gfsupp_pgfkeysfiltered.code.tex
\pgfkeys@tmptoks=\toks35
))
(/usr/share/texlive/texmf-dist/tex/generic/pgfplots/oldpgfcompatib/pgfplotsoldp
gfsupp_pgfmathfloat.code.tex
\c@pgfmathroundto@lastzeros=\count172
)
(/usr/share/texlive/texmf-dist/tex/generic/pgfplots/oldpgfcompatib/pgfplotsoldp
gfsupp_pgflibraryplothandlers.code.tex
File: pgflibraryplothandlers.code.tex 2012/09/11 v2.10 (rcs-revision 1.17)
\pgf@plot@mark@count=\count173
\pgfplotmarksize=\dimen270
)
(/usr/share/texlive/texmf-dist/tex/generic/pgfplots/oldpgfcompatib/pgfplotsoldp
gfsupp_pgflibraryfpu.code.tex)
(/usr/share/texlive/texmf-dist/tex/generic/pgfplots/oldpgfcompatib/pgfplotsoldp
gfsupp_pgfcorescopes.code.tex
File: pgfcorescopes.code.tex 2012/11/30  (rcs-revision 1.38)
\pgfpic=\box59
\pgf@hbox=\box60
\pgf@layerbox@main=\box61
\pgf@picture@serial@count=\count174
)
(/usr/share/texlive/texmf-dist/tex/generic/pgfplots/oldpgfcompatib/pgfplotsoldp
gfsupp_pgfcorelayers.code.tex
File: pgfcorelayers.code.tex 2012/11/07  (rcs-revision 1.5)
))
(/usr/share/texlive/texmf-dist/tex/generic/pgfplots/util/pgfplotsutil.code.tex
(/usr/share/texlive/texmf-dist/tex/generic/pgfplots/liststructure/pgfplotslists
tructure.code.tex)
(/usr/share/texlive/texmf-dist/tex/generic/pgfplots/liststructure/pgfplotslists
tructureext.code.tex)
(/usr/share/texlive/texmf-dist/tex/generic/pgfplots/liststructure/pgfplotsarray
.code.tex
\c@pgfplotsarray@tmp=\count175
)
(/usr/share/texlive/texmf-dist/tex/generic/pgfplots/liststructure/pgfplotsmatri
x.code.tex)
(/usr/share/texlive/texmf-dist/tex/generic/pgfplots/numtable/pgfplotstableshare
d.code.tex
\c@pgfplotstable@counta=\count176
\t@pgfplotstable@a=\toks36
)
(/usr/share/texlive/texmf-dist/tex/generic/pgfplots/liststructure/pgfplotsdeque
.code.tex)
(/usr/share/texlive/texmf-dist/tex/generic/pgfplots/util/pgfplotsbinary.code.te
x
(/usr/share/texlive/texmf-dist/tex/generic/pgfplots/util/pgfplotsbinary.data.co
de.tex))
(/usr/share/texlive/texmf-dist/tex/generic/pgfplots/util/pgfplotsutil.verb.code
.tex)
(/usr/share/texlive/texmf-dist/tex/generic/pgfplots/libs/pgflibrarypgfplots.sur
fshading.code.tex
\c@pgfplotslibrarysurf@no=\count177

(/usr/share/texlive/texmf-dist/tex/generic/pgfplots/sys/pgflibrarypgfplots.surf
shading.pgfsys-pdftex.def)))
(/usr/share/texlive/texmf-dist/tex/generic/pgfplots/util/pgfplotscolormap.code.
tex
(/usr/share/texlive/texmf-dist/tex/generic/pgfplots/util/pgfplotscolor.code.tex
))
(/usr/share/texlive/texmf-dist/tex/generic/pgfplots/pgfplotsstackedplots.code.t
ex)
(/usr/share/texlive/texmf-dist/tex/generic/pgfplots/pgfplotsplothandlers.code.t
ex
(/usr/share/texlive/texmf-dist/tex/generic/pgfplots/pgfplotsmeshplothandler.cod
e.tex))
(/usr/share/texlive/texmf-dist/tex/generic/pgfplots/pgfplots.scaling.code.tex)
(/usr/share/texlive/texmf-dist/tex/generic/pgfplots/pgfplotscoordprocessing.cod
e.tex)
(/usr/share/texlive/texmf-dist/tex/generic/pgfplots/pgfplots.errorbars.code.tex
) (/usr/share/texlive/texmf-dist/tex/generic/pgfplots/pgfplots.markers.code.tex
) (/usr/share/texlive/texmf-dist/tex/generic/pgfplots/pgfplotsticks.code.tex)
(/usr/share/texlive/texmf-dist/tex/generic/pgfplots/pgfplots.paths.code.tex)
(/usr/share/texmf/tex/generic/pgf/frontendlayer/tikz/libraries/tikzlibrarydecor
ations.code.tex
(/usr/share/texmf/tex/generic/pgf/modules/pgfmoduledecorations.code.tex
\pgfdecoratedcompleteddistance=\dimen271
\pgfdecoratedremainingdistance=\dimen272
\pgfdecoratedinputsegmentcompleteddistance=\dimen273
\pgfdecoratedinputsegmentremainingdistance=\dimen274
\pgf@decorate@distancetomove=\dimen275
\pgf@decorate@repeatstate=\count178
\pgfdecorationsegmentamplitude=\dimen276
\pgfdecorationsegmentlength=\dimen277
)
\tikz@lib@dec@box=\box62
)
(/usr/share/texmf/tex/generic/pgf/frontendlayer/tikz/libraries/tikzlibrarydecor
ations.pathmorphing.code.tex
(/usr/share/texmf/tex/generic/pgf/libraries/decorations/pgflibrarydecorations.p
athmorphing.code.tex))
(/usr/share/texmf/tex/generic/pgf/frontendlayer/tikz/libraries/tikzlibrarydecor
ations.pathreplacing.code.tex
(/usr/share/texmf/tex/generic/pgf/libraries/decorations/pgflibrarydecorations.p
athreplacing.code.tex))
\pgfplots@numplots=\count179
\pgfplots@xmin@reg=\dimen278
\pgfplots@xmax@reg=\dimen279
\pgfplots@ymin@reg=\dimen280
\pgfplots@ymax@reg=\dimen281
\pgfplots@zmin@reg=\dimen282
\pgfplots@zmax@reg=\dimen283
)
(/usr/share/texmf/tex/generic/pgf/frontendlayer/tikz/libraries/tikzlibraryplotm
arks.code.tex
File: tikzlibraryplotmarks.code.tex 2008/01/09 v2.10 (rcs-revision 1.1)

(/usr/share/texmf/tex/generic/pgf/libraries/pgflibraryplotmarks.code.tex
File: pgflibraryplotmarks.code.tex 2010/10/15 v2.10 (rcs-revision 1.12)
)))
(/usr/share/texlive/texmf-dist/tex/generic/pgfplots/numtable/pgfplotstable.code
.tex
(/usr/share/texlive/texmf-dist/tex/generic/pgfplots/numtable/pgfplotstable.colt
ype.code.tex)))
(/usr/share/texlive/texmf-dist/tex/latex/circuitikz/circuitikz.sty
Package: circuitikz 2012/12/29 The CircuiTikz circuit drawing package version 0
.3.0

(/usr/share/texmf/tex/generic/pgf/frontendlayer/tikz/libraries/tikzlibrarycalc.
code.tex
File: tikzlibrarycalc.code.tex 2009/09/04 v2.10 (rcs-revision 1.6)
) (/usr/share/texmf/tex/generic/pgf/libraries/pgflibraryarrows.code.tex
File: pgflibraryarrows.code.tex 2008/10/27 v2.10 (rcs-revision 1.9)
\arrowsize=\dimen284
) (/usr/share/texlive/texmf-dist/tex/latex/circuitikz/circuitikz.code.tex
\pgf@circ@Rlen=\dimen285

(/usr/share/texlive/texmf-dist/tex/latex/circuitikz/pgfcircutils.sty)
(/usr/share/texlive/texmf-dist/tex/latex/circuitikz/pgfcircmath.sty)
(/usr/share/texlive/texmf-dist/tex/latex/circuitikz/pgfcircshapes.sty)
(/usr/share/texlive/texmf-dist/tex/latex/circuitikz/pgfcircmonopoles.sty)
(/usr/share/texlive/texmf-dist/tex/latex/circuitikz/pgfcircbipoles.sty)
(/usr/share/texlive/texmf-dist/tex/latex/circuitikz/pgfcirctripoles.sty)
(/usr/share/texlive/texmf-dist/tex/latex/circuitikz/pgfcircquadpoles.sty)
(/usr/share/texlive/texmf-dist/tex/latex/circuitikz/pgfcirclabel.sty)
(/usr/share/texlive/texmf-dist/tex/latex/circuitikz/pgfcircvoltage.sty)
(/usr/share/texlive/texmf-dist/tex/latex/circuitikz/pgfcirccurrent.sty))
(/usr/share/texlive/texmf-dist/tex/latex/circuitikz/circuitikz1.code.tex
\pgf@circ@res@up=\dimen286
\pgf@circ@res@down=\dimen287
\pgf@circ@res@zero=\dimen288
\pgf@circ@res@left=\dimen289
\pgf@circ@res@right=\dimen290
\pgf@circ@res@other=\dimen291
\pgf@circ@res@step=\dimen292
\pgfstartlinewidth=\dimen293
))
(/usr/share/texlive/texmf-dist/tex/generic/pgfplots/libs/tikzlibrarypgfplots.un
its.code.tex) (/usr/share/texlive/texmf-dist/tex/latex/minted/minted.sty
Package: minted 2011/09/17 v1.7 Yet another Pygments shim for LaTeX

(/usr/share/texlive/texmf-dist/tex/latex/fancyvrb/fancyvrb.sty
Package: fancyvrb 2008/02/07

Style option: `fancyvrb' v2.7a, with DG/SPQR fixes, and firstline=lastline fix 
<2008/02/07> (tvz)
\FV@CodeLineNo=\count180
\FV@InFile=\read3
\FV@TabBox=\box63
\c@FancyVerbLine=\count181
\FV@StepNumber=\count182
\FV@OutFile=\write4
) (/usr/share/texlive/texmf-dist/tex/latex/float/float.sty
Package: float 2001/11/08 v1.3d Float enhancements (AL)
\c@float@type=\count183
\float@exts=\toks37
\float@box=\box64
\@float@everytoks=\toks38
\@floatcapt=\box65
)
(/usr/share/texlive/texmf-dist/tex/latex/base/ifthen.sty
Package: ifthen 2001/05/26 v1.1c Standard LaTeX ifthen package (DPC)
)
(/usr/share/texlive/texmf-dist/tex/latex/tools/calc.sty
Package: calc 2007/08/22 v4.3 Infix arithmetic (KKT,FJ)
\calc@Acount=\count184
\calc@Bcount=\count185
\calc@Adimen=\dimen294
\calc@Bdimen=\dimen295
\calc@Askip=\skip58
\calc@Bskip=\skip59
LaTeX Info: Redefining \setlength on input line 76.
LaTeX Info: Redefining \addtolength on input line 77.
\calc@Ccount=\count186
\calc@Cskip=\skip60
)
(/usr/share/texlive/texmf-dist/tex/latex/ifplatform/ifplatform.sty
Package: ifplatform 2010/10/22 v0.4 Testing for the operating system

(/usr/share/texlive/texmf-dist/tex/generic/oberdiek/pdftexcmds.sty
Package: pdftexcmds 2011/11/29 v0.20 Utility functions of pdfTeX for LuaTeX (HO
)

(/usr/share/texlive/texmf-dist/tex/generic/oberdiek/ifluatex.sty
Package: ifluatex 2010/03/01 v1.3 Provides the ifluatex switch (HO)
Package ifluatex Info: LuaTeX not detected.
)
Package pdftexcmds Info: LuaTeX not detected.
Package pdftexcmds Info: \pdf@primitive is available.
Package pdftexcmds Info: \pdf@ifprimitive is available.
Package pdftexcmds Info: \pdfdraftmode found.
)
(/usr/share/texlive/texmf-dist/tex/generic/oberdiek/catchfile.sty
Package: catchfile 2011/03/01 v1.6 Catch the contents of a file (HO)

(/usr/share/texlive/texmf-dist/tex/generic/oberdiek/etexcmds.sty
Package: etexcmds 2011/02/16 v1.5 Avoid name clashes with e-TeX commands (HO)
Package etexcmds Info: Could not find \expanded.
(etexcmds)             That can mean that you are not using pdfTeX 1.50 or
(etexcmds)             that some package has redefined \expanded.
(etexcmds)             In the latter case, load this package earlier.
))
runsystem(uname -s > "first.w18")...executed.

 (./first.w18)
runsystem(rm -- "first.w18")...executed.

)
\minted@bgbox=\box66
\minted@code=\write5
\@float@every@listing=\toks39
\c@listing=\count187
)
runsystem(which pygmentize && touch first.aex)...executed.

runsystem(rm first.aex)...executed.

 (./first.aux)
\openout1 = `first.aux'.

LaTeX Font Info:    Checking defaults for OML/cmm/m/it on input line 55.
LaTeX Font Info:    ... okay on input line 55.
LaTeX Font Info:    Checking defaults for T1/cmr/m/n on input line 55.
LaTeX Font Info:    ... okay on input line 55.
LaTeX Font Info:    Checking defaults for OT1/cmr/m/n on input line 55.
LaTeX Font Info:    ... okay on input line 55.
LaTeX Font Info:    Checking defaults for OMS/cmsy/m/n on input line 55.
LaTeX Font Info:    ... okay on input line 55.
LaTeX Font Info:    Checking defaults for OMX/cmex/m/n on input line 55.
LaTeX Font Info:    ... okay on input line 55.
LaTeX Font Info:    Checking defaults for U/cmr/m/n on input line 55.
LaTeX Font Info:    ... okay on input line 55.
 (/usr/share/texlive/texmf-dist/tex/context/base/supp-pdf.mkii
[Loading MPS to PDF converter (version 2006.09.02).]
\scratchcounter=\count188
\scratchdimen=\dimen296
\scratchbox=\box67
\nofMPsegments=\count189
\nofMParguments=\count190
\everyMPshowfont=\toks40
\MPscratchCnt=\count191
\MPscratchDim=\dimen297
\MPnumerator=\count192
\makeMPintoPDFobject=\count193
\everyMPtoPDFconversion=\toks41
) (/usr/share/texlive/texmf-dist/tex/latex/oberdiek/epstopdf-base.sty
Package: epstopdf-base 2010/02/09 v2.5 Base part for package epstopdf

(/usr/share/texlive/texmf-dist/tex/latex/oberdiek/grfext.sty
Package: grfext 2010/08/19 v1.1 Manage graphics extensions (HO)

(/usr/share/texlive/texmf-dist/tex/generic/oberdiek/kvdefinekeys.sty
Package: kvdefinekeys 2011/04/07 v1.3 Define keys (HO)
))
(/usr/share/texlive/texmf-dist/tex/latex/oberdiek/kvoptions.sty
Package: kvoptions 2011/06/30 v3.11 Key value format for package options (HO)

(/usr/share/texlive/texmf-dist/tex/generic/oberdiek/kvsetkeys.sty
Package: kvsetkeys 2012/04/25 v1.16 Key value parser (HO)
))
Package grfext Info: Graphics extension search list:
(grfext)             [.png,.pdf,.jpg,.mps,.jpeg,.jbig2,.jb2,.PNG,.PDF,.JPG,.JPE
G,.JBIG2,.JB2,.eps]
(grfext)             \AppendGraphicsExtensions on input line 452.

(/usr/share/texlive/texmf-dist/tex/latex/latexconfig/epstopdf-sys.cfg
File: epstopdf-sys.cfg 2010/07/13 v1.3 Configuration of (r)epstopdf for TeX Liv
e
))
(/usr/share/texmf/tex/latex/beamer/base/translator/dicts/translator-basic-dicti
onary/translator-basic-dictionary-English.dict
Dictionary: translator-basic-dictionary, Language: English 
)
(/usr/share/texlive/texmf-dist/tex/latex/siunitx/config/siunitx-abbreviations.c
fg
File: siunitx-abbreviations.cfg 2013/07/31 v2.5s siunitx: Abbreviated units
) ABD: EveryShipout initializing macros
Package pgfplots notification 'compat/show suggested version=true': document ha
s been generated with the most recent feature set (\pgfplotsset{compat=1.9}).

runsystem(pygmentize -S default -f latex > first.pyg)...executed.

(./first.pyg)
\c__siunitx_mathsf_int=\count194
\c__siunitx_mathtt_int=\count195
\openout4 = `first.pyg'.

runsystem(pygmentize -l c -f latex -F tokenmerge             -P "verboptions= "
 -o first.out.pyg first.pyg)...executed.

 (./first.out.pyg
LaTeX Font Info:    Font shape `OT1/cmtt/bx/n' in size <10> not available
(Font)              Font shape `OT1/cmtt/m/n' tried instead on input line 2.
)
runsystem(rm first.out.pyg)...executed.

runsystem(rm first.pyg)...executed.

runsystem(pygmentize -l cpp -f latex -F tokenmerge             -P "verboptions=
 " -o first.out.pyg main.cpp)...executed.

 (./first.out.pyg)
runsystem(rm first.out.pyg)...executed.

runsystem(pygmentize -l cpp -f latex -F tokenmerge            -P linenos -P "ve
rboptions= ,frame=lines" -o first.out.pyg main.cpp)...executed.



! LaTeX Error: File `first.out.pyg' not found.

Type X to quit or <RETURN> to proceed,
or enter new name. (Default extension: out.pyg)

Enter file name: q

! LaTeX Error: File `q.out.pyg' not found.

Type X to quit or <RETURN> to proceed,
or enter new name. (Default extension: out.pyg)

Enter file name: 
! Interruption.
<to be read again> 
                   }
l.72 	\cppfile{main.cpp}
                        ^^M
? q
OK, entering \batchmode...
runsystem(rm first.out.pyg)...executed.

 [1

{/var/lib/texmf/fonts/map/pdftex/updmap/pdftex.map}]
PGFPlots: reading {table.csv}

Overfull \hbox (20.7365pt too wide) in paragraph at lines 120--122
[][] 
 []

PGFPlots: reading {table.csv}

LaTeX Warning: `!h' float specifier changed to `!ht'.

 [2] [3] (./first.toc)
\tf@toc=\write6
\openout6 = `first.toc'.

 [4] <tmp.jpg, id=30, 1927.2pt x 1084.05pt>
File: tmp.jpg Graphic file (type jpg)
 <use tmp.jpg>
Package pdftex.def Info: tmp.jpg used on input line 202.
(pdftex.def)             Requested size: 345.0pt x 194.06194pt.
File: tmp.jpg Graphic file (type jpg)
 <use tmp.jpg>
Package pdftex.def Info: tmp.jpg used on input line 207.
(pdftex.def)             Requested size: 345.0pt x 194.06194pt.
 [1 <./tmp.jpg>] [2] [3]
runsystem(pygmentize -l cpp -f latex -F tokenmerge            -P linenos -P "ve
rboptions= ,frame=lines" -o first.out.pyg main.cpp)...executed.

 (./first.out.pyg)
runsystem(rm first.out.pyg)...executed.

 [4]

LaTeX Warning: Citation `dummybook:1' on page 5 undefined on input line 286.

 [5] (./first.lof)
\tf@lof=\write7
\openout7 = `first.lof'.

 (./first.lot)
\tf@lot=\write8
\openout8 = `first.lot'.

 (./first.lol)
\tf@lol=\write9
\openout9 = `first.lol'.

 [6] (./first.bbl) [7] (./first.aux)

LaTeX Warning: There were undefined references.


LaTeX Warning: Label(s) may have changed. Rerun to get cross-references right.

 ) 
Here is how much of TeX's memory you used:
 31846 strings out of 493304
 791673 string characters out of 6139872
 922893 words of memory out of 5000000
 34719 multiletter control sequences out of 15000+600000
 12358 words of font info for 47 fonts, out of 8000000 for 9000
 957 hyphenation exceptions out of 8191
 70i,19n,94p,10406b,2348s stack positions out of 5000i,500n,10000p,200000b,80000s
</usr/share/texlive/texmf-dist/fonts/type1/public/amsfonts/cm/cmbx10.pfb></us
r/share/texlive/texmf-dist/fonts/type1/public/amsfonts/cm/cmbx12.pfb></usr/shar
e/texlive/texmf-dist/fonts/type1/public/amsfonts/cm/cmex10.pfb></usr/share/texl
ive/texmf-dist/fonts/type1/public/amsfonts/cm/cmitt10.pfb></usr/share/texlive/t
exmf-dist/fonts/type1/public/amsfonts/cm/cmmi10.pfb></usr/share/texlive/texmf-d
ist/fonts/type1/public/amsfonts/cm/cmmi7.pfb></usr/share/texlive/texmf-dist/fon
ts/type1/public/amsfonts/cm/cmr10.pfb></usr/share/texlive/texmf-dist/fonts/type
1/public/amsfonts/cm/cmr12.pfb></usr/share/texlive/texmf-dist/fonts/type1/publi
c/amsfonts/cm/cmr17.pfb></usr/share/texlive/texmf-dist/fonts/type1/public/amsfo
nts/cm/cmr5.pfb></usr/share/texlive/texmf-dist/fonts/type1/public/amsfonts/cm/c
mr6.pfb></usr/share/texlive/texmf-dist/fonts/type1/public/amsfonts/cm/cmr7.pfb>
</usr/share/texlive/texmf-dist/fonts/type1/public/amsfonts/cm/cmr8.pfb></usr/sh
are/texlive/texmf-dist/fonts/type1/public/amsfonts/cm/cmsy10.pfb></usr/share/te
xlive/texmf-dist/fonts/type1/public/amsfonts/cm/cmti10.pfb></usr/share/texlive/
texmf-dist/fonts/type1/public/amsfonts/cm/cmtt10.pfb>
Output written on first.pdf (11 pages, 380522 bytes).
PDF statistics:
 108 PDF objects out of 1000 (max. 8388607)
 77 compressed objects within 1 object stream
 0 named destinations out of 1000 (max. 500000)
 18 words of extra memory for PDF output out of 10000 (max. 10000000)

